<?xml version="1.0" encoding="UTF-8"?>
<!-- Generated by org.testng.reporters.JUnitReportReporter -->
<testsuite hostname="manasa-PC" failures="0" tests="1" name="javaselenium.TestTestNG02" time="18.170" errors="0" timestamp="2022-09-06T11:55:03 CDT" skipped="0">
  <testcase classname="javaselenium.TestTestNG02" name="gogglesearch" time="18.170"/>
  <system-out/>
</testsuite> <!-- javaselenium.TestTestNG02 -->
